    | 0 | 1 | 2 | 3 | 4 | 5 | 6 | 7 |
------------------------------------
0   | r | n | b | k | q | b | n | r | 
------------------------------------
1   | p | p | p | p | p | p | p | p | 
------------------------------------
2   | # | # | # | # | # | # | # | # | 
------------------------------------
3   | # | # | # | # | # | # | # | # | 
------------------------------------
4   | # | # | # | # | # | # | # | # | 
------------------------------------
5   | # | # | # | # | # | # | # | # | 
------------------------------------
6   | p | p | p | p | p | p | p | p | 
------------------------------------
7   | r | n | b | k | q | b | n | r | 
------------------------------------




    | 0 | 1 | 2 | 3 | 4 | 5 | 6 | 7 |
------------------------------------
0   | r | n | b | k | q | b | n | r | 
------------------------------------
1   | # | p | p | p | p | p | p | p | 
------------------------------------
2   | # | # | # | # | # | # | # | # | 
------------------------------------
3   | p | # | # | # | # | # | # | # | 
------------------------------------
4   | # | # | # | # | # | # | # | # | 
------------------------------------
5   | # | # | # | # | # | # | # | # | 
------------------------------------
6   | p | p | p | p | p | p | p | p | 
------------------------------------
7   | r | n | b | k | q | b | n | r | 
------------------------------------




    | 0 | 1 | 2 | 3 | 4 | 5 | 6 | 7 |
------------------------------------
0   | # | n | b | k | q | b | n | r | 
------------------------------------
1   | # | p | p | p | p | p | p | p | 
------------------------------------
2   | r | # | # | # | # | # | # | # | 
------------------------------------
3   | p | # | # | # | # | # | # | # | 
------------------------------------
4   | # | # | # | # | # | # | # | # | 
------------------------------------
5   | # | # | # | # | # | # | # | # | 
------------------------------------
6   | p | p | p | p | p | p | p | p | 
------------------------------------
7   | r | n | b | k | q | b | n | r | 
------------------------------------




    | 0 | 1 | 2 | 3 | 4 | 5 | 6 | 7 |
------------------------------------
0   | # | n | b | k | q | b | n | r | 
------------------------------------
1   | # | p | p | p | p | p | p | p | 
------------------------------------
2   | # | # | # | r | # | # | # | # | 
------------------------------------
3   | p | # | # | # | # | # | # | # | 
------------------------------------
4   | # | # | # | # | # | # | # | # | 
------------------------------------
5   | # | # | # | # | # | # | # | # | 
------------------------------------
6   | p | p | p | p | p | p | p | p | 
------------------------------------
7   | r | n | b | k | q | b | n | r | 
------------------------------------




    | 0 | 1 | 2 | 3 | 4 | 5 | 6 | 7 |
------------------------------------
0   | # | n | b | k | q | b | n | r | 
------------------------------------
1   | # | p | p | p | p | p | p | p | 
------------------------------------
2   | # | # | # | # | # | # | # | # | 
------------------------------------
3   | p | # | # | # | # | # | # | # | 
------------------------------------
4   | # | # | # | # | # | # | # | # | 
------------------------------------
5   | # | # | # | # | # | # | # | # | 
------------------------------------
6   | p | p | p | r | p | p | p | p | 
------------------------------------
7   | r | n | b | k | q | b | n | r | 
------------------------------------




